[32m2025-04-20 00:00:14.230[0;39m [DEBUG] org.springframework.security.web.FilterChainProxy [http-nio-8080-exec-7] Securing GET /api/v1/users/thisStudent
[32m2025-04-20 00:00:14.234[0;39m [DEBUG] org.springframework.security.web.authentication.AnonymousAuthenticationFilter [http-nio-8080-exec-7] Set SecurityContextHolder to anonymous SecurityContext
[32m2025-04-20 00:00:14.234[0;39m [DEBUG] org.springframework.security.web.session.SessionManagementFilter [http-nio-8080-exec-7] Request requested invalid session id 688F26CB9B6637551E39458BBB5A2BE3
[32m2025-04-20 00:00:14.234[0;39m [DEBUG] org.springframework.security.web.authentication.DelegatingAuthenticationEntryPoint [http-nio-8080-exec-7] Trying to match using Or [RequestHeaderRequestMatcher [expectedHeaderName=X-Requested-With, expectedHeaderValue=XMLHttpRequest], And [Not [MediaTypeRequestMatcher [contentNegotiationStrategy=org.springframework.web.accept.ContentNegotiationManager@2a666c8e, matchingMediaTypes=[text/html], useEquals=false, ignoredMediaTypes=[]]], MediaTypeRequestMatcher [contentNegotiationStrategy=org.springframework.web.accept.ContentNegotiationManager@2a666c8e, matchingMediaTypes=[application/atom+xml, application/x-www-form-urlencoded, application/json, application/octet-stream, application/xml, multipart/form-data, text/xml], useEquals=false, ignoredMediaTypes=[*/*]]], MediaTypeRequestMatcher [contentNegotiationStrategy=org.springframework.web.accept.ContentNegotiationManager@2a666c8e, matchingMediaTypes=[*/*], useEquals=true, ignoredMediaTypes=[]]]
[32m2025-04-20 00:00:14.235[0;39m [DEBUG] org.springframework.security.web.authentication.DelegatingAuthenticationEntryPoint [http-nio-8080-exec-7] Match found! Executing org.springframework.security.web.authentication.DelegatingAuthenticationEntryPoint@359fd0a2
[32m2025-04-20 00:00:14.235[0;39m [DEBUG] org.springframework.security.web.authentication.DelegatingAuthenticationEntryPoint [http-nio-8080-exec-7] Trying to match using RequestHeaderRequestMatcher [expectedHeaderName=X-Requested-With, expectedHeaderValue=XMLHttpRequest]
[32m2025-04-20 00:00:14.235[0;39m [DEBUG] org.springframework.security.web.authentication.DelegatingAuthenticationEntryPoint [http-nio-8080-exec-7] No match found. Using default entry point org.springframework.security.web.authentication.www.BasicAuthenticationEntryPoint@40303a67
[32m2025-04-20 00:00:14.238[0;39m [DEBUG] org.hibernate.SQL [http-nio-8080-exec-7] 
    select
        s1_0.teacher_id,
        s1_0.birth_day,
        s1_0.email,
        s1_0.first_name,
        s1_0.gender,
        s1_0.last_name,
        s1_0.password,
        s1_0.roles 
    from
        student s1_0 
    where
        s1_0.email=?
[32m2025-04-20 00:00:14.243[0;39m [DEBUG] org.springframework.security.web.FilterChainProxy [http-nio-8080-exec-7] Secured GET /api/v1/users/thisStudent
[32m2025-04-20 00:00:14.245[0;39m [DEBUG] org.springframework.security.web.FilterChainProxy [http-nio-8080-exec-7] Securing GET /error
[32m2025-04-20 00:00:14.246[0;39m [DEBUG] org.springframework.security.web.authentication.AnonymousAuthenticationFilter [http-nio-8080-exec-7] Set SecurityContextHolder to anonymous SecurityContext
[32m2025-04-20 00:00:14.246[0;39m [DEBUG] org.springframework.security.web.authentication.DelegatingAuthenticationEntryPoint [http-nio-8080-exec-7] Trying to match using Or [RequestHeaderRequestMatcher [expectedHeaderName=X-Requested-With, expectedHeaderValue=XMLHttpRequest], And [Not [MediaTypeRequestMatcher [contentNegotiationStrategy=org.springframework.web.accept.ContentNegotiationManager@2a666c8e, matchingMediaTypes=[text/html], useEquals=false, ignoredMediaTypes=[]]], MediaTypeRequestMatcher [contentNegotiationStrategy=org.springframework.web.accept.ContentNegotiationManager@2a666c8e, matchingMediaTypes=[application/atom+xml, application/x-www-form-urlencoded, application/json, application/octet-stream, application/xml, multipart/form-data, text/xml], useEquals=false, ignoredMediaTypes=[*/*]]], MediaTypeRequestMatcher [contentNegotiationStrategy=org.springframework.web.accept.ContentNegotiationManager@2a666c8e, matchingMediaTypes=[*/*], useEquals=true, ignoredMediaTypes=[]]]
[32m2025-04-20 00:00:14.246[0;39m [DEBUG] org.springframework.security.web.authentication.DelegatingAuthenticationEntryPoint [http-nio-8080-exec-7] Match found! Executing org.springframework.security.web.authentication.DelegatingAuthenticationEntryPoint@359fd0a2
[32m2025-04-20 00:00:14.246[0;39m [DEBUG] org.springframework.security.web.authentication.DelegatingAuthenticationEntryPoint [http-nio-8080-exec-7] Trying to match using RequestHeaderRequestMatcher [expectedHeaderName=X-Requested-With, expectedHeaderValue=XMLHttpRequest]
[32m2025-04-20 00:00:14.246[0;39m [DEBUG] org.springframework.security.web.authentication.DelegatingAuthenticationEntryPoint [http-nio-8080-exec-7] No match found. Using default entry point org.springframework.security.web.authentication.www.BasicAuthenticationEntryPoint@40303a67
[32m2025-04-20 00:00:18.613[0;39m [DEBUG] org.springframework.security.web.FilterChainProxy [http-nio-8080-exec-8] Securing POST /api/v1/authentication/register
[32m2025-04-20 00:00:18.613[0;39m [DEBUG] org.springframework.security.web.authentication.AnonymousAuthenticationFilter [http-nio-8080-exec-8] Set SecurityContextHolder to anonymous SecurityContext
[32m2025-04-20 00:00:18.614[0;39m [DEBUG] org.springframework.security.web.session.SessionManagementFilter [http-nio-8080-exec-8] Request requested invalid session id 688F26CB9B6637551E39458BBB5A2BE3
[32m2025-04-20 00:00:18.614[0;39m [DEBUG] org.springframework.security.web.FilterChainProxy [http-nio-8080-exec-8] Secured POST /api/v1/authentication/register
[32m2025-04-20 00:00:18.617[0;39m [DEBUG] org.hibernate.SQL [http-nio-8080-exec-8] 
    select
        s1_0.teacher_id 
    from
        student s1_0 
    where
        s1_0.email=? 
    limit
        ?
[32m2025-04-20 00:00:22.029[0;39m [INFO] org.springframework.boot.web.embedded.tomcat.GracefulShutdown [SpringApplicationShutdownHook] Commencing graceful shutdown. Waiting for active requests to complete
[32m2025-04-20 00:00:23.072[0;39m [INFO] org.springframework.boot.web.embedded.tomcat.GracefulShutdown [tomcat-shutdown] Graceful shutdown complete
[32m2025-04-20 00:00:23.078[0;39m [INFO] org.springframework.orm.jpa.LocalContainerEntityManagerFactoryBean [SpringApplicationShutdownHook] Closing JPA EntityManagerFactory for persistence unit 'default'
[32m2025-04-20 00:00:23.079[0;39m [DEBUG] org.hibernate.SQL [SpringApplicationShutdownHook] 
    drop table if exists student
[32m2025-04-20 00:00:23.087[0;39m [INFO] com.zaxxer.hikari.HikariDataSource [SpringApplicationShutdownHook] HikariPool-1 - Shutdown initiated...
[32m2025-04-20 00:00:23.094[0;39m [INFO] com.zaxxer.hikari.HikariDataSource [SpringApplicationShutdownHook] HikariPool-1 - Shutdown completed.
[32m2025-04-20 00:00:24.855[0;39m [INFO] com.school20.school2.School2Application [main] Starting School2Application using Java 23.0.1 with PID 79892 (/Users/admin.ian.swerts/Desktop/projects/school2/target/classes started by admin.ian.swerts in /Users/admin.ian.swerts/Desktop/projects/school2)
[32m2025-04-20 00:00:24.858[0;39m [INFO] com.school20.school2.School2Application [main] No active profile set, falling back to 1 default profile: "default"
[32m2025-04-20 00:00:25.794[0;39m [INFO] org.springframework.data.repository.config.RepositoryConfigurationDelegate [main] Multiple Spring Data modules found, entering strict repository configuration mode
[32m2025-04-20 00:00:25.795[0;39m [INFO] org.springframework.data.repository.config.RepositoryConfigurationDelegate [main] Bootstrapping Spring Data JDBC repositories in DEFAULT mode.
[32m2025-04-20 00:00:25.831[0;39m [INFO] org.springframework.data.repository.config.RepositoryConfigurationExtensionSupport [main] Spring Data JDBC - Could not safely identify store assignment for repository candidate interface com.school20.school2.Repositories.StudentRepository; If you want this repository to be a JDBC repository, consider annotating your entities with one of these annotations: org.springframework.data.relational.core.mapping.Table.
[32m2025-04-20 00:00:25.832[0;39m [INFO] org.springframework.data.repository.config.RepositoryConfigurationDelegate [main] Finished Spring Data repository scanning in 31 ms. Found 0 JDBC repository interfaces.
[32m2025-04-20 00:00:25.844[0;39m [INFO] org.springframework.data.repository.config.RepositoryConfigurationDelegate [main] Multiple Spring Data modules found, entering strict repository configuration mode
[32m2025-04-20 00:00:25.845[0;39m [INFO] org.springframework.data.repository.config.RepositoryConfigurationDelegate [main] Bootstrapping Spring Data JPA repositories in DEFAULT mode.
[32m2025-04-20 00:00:25.876[0;39m [INFO] org.springframework.data.repository.config.RepositoryConfigurationDelegate [main] Finished Spring Data repository scanning in 26 ms. Found 1 JPA repository interface.
[32m2025-04-20 00:00:26.411[0;39m [INFO] org.springframework.boot.web.embedded.tomcat.TomcatWebServer [main] Tomcat initialized with port 8080 (http)
[32m2025-04-20 00:00:26.426[0;39m [INFO] org.apache.catalina.core.StandardService [main] Starting service [Tomcat]
[32m2025-04-20 00:00:26.426[0;39m [INFO] org.apache.catalina.core.StandardEngine [main] Starting Servlet engine: [Apache Tomcat/10.1.36]
[32m2025-04-20 00:00:26.481[0;39m [INFO] org.apache.catalina.core.ContainerBase.[Tomcat].[localhost].[/] [main] Initializing Spring embedded WebApplicationContext
[32m2025-04-20 00:00:26.481[0;39m [INFO] org.springframework.boot.web.servlet.context.ServletWebServerApplicationContext [main] Root WebApplicationContext: initialization completed in 1555 ms
[32m2025-04-20 00:00:26.632[0;39m [WARN] org.springframework.boot.autoconfigure.orm.jpa.JpaBaseConfiguration$JpaWebConfiguration [main] spring.jpa.open-in-view is enabled by default. Therefore, database queries may be performed during view rendering. Explicitly configure spring.jpa.open-in-view to disable this warning
[32m2025-04-20 00:00:26.739[0;39m [INFO] org.hibernate.jpa.internal.util.LogHelper [main] HHH000204: Processing PersistenceUnitInfo [name: default]
[32m2025-04-20 00:00:26.785[0;39m [INFO] org.hibernate.Version [main] HHH000412: Hibernate ORM core version 6.6.8.Final
[32m2025-04-20 00:00:26.822[0;39m [INFO] org.hibernate.cache.internal.RegionFactoryInitiator [main] HHH000026: Second-level cache disabled
[32m2025-04-20 00:00:27.041[0;39m [INFO] org.springframework.orm.jpa.persistenceunit.SpringPersistenceUnitInfo [main] No LoadTimeWeaver setup: ignoring JPA class transformer
[32m2025-04-20 00:00:27.061[0;39m [INFO] com.zaxxer.hikari.HikariDataSource [main] HikariPool-1 - Starting...
[32m2025-04-20 00:00:27.204[0;39m [INFO] com.zaxxer.hikari.pool.HikariPool [main] HikariPool-1 - Added connection com.mysql.cj.jdbc.ConnectionImpl@67e11bda
[32m2025-04-20 00:00:27.206[0;39m [INFO] com.zaxxer.hikari.HikariDataSource [main] HikariPool-1 - Start completed.
[32m2025-04-20 00:00:27.249[0;39m [WARN] org.hibernate.orm.deprecation [main] HHH90000025: MySQLDialect does not need to be specified explicitly using 'hibernate.dialect' (remove the property setting and it will be selected by default)
[32m2025-04-20 00:00:27.284[0;39m [INFO] org.hibernate.orm.connections.pooling [main] HHH10001005: Database info:
	Database JDBC URL [Connecting through datasource 'HikariDataSource (HikariPool-1)']
	Database driver: undefined/unknown
	Database version: 9.2
	Autocommit mode: undefined/unknown
	Isolation level: undefined/unknown
	Minimum pool size: undefined/unknown
	Maximum pool size: undefined/unknown
[32m2025-04-20 00:00:27.922[0;39m [INFO] org.hibernate.engine.transaction.jta.platform.internal.JtaPlatformInitiator [main] HHH000489: No JTA platform available (set 'hibernate.transaction.jta.platform' to enable JTA platform integration)
[32m2025-04-20 00:00:27.932[0;39m [DEBUG] org.hibernate.SQL [main] 
    drop table if exists student
[32m2025-04-20 00:00:28.211[0;39m [DEBUG] org.hibernate.SQL [main] 
    create table student (
        teacher_id bigint not null auto_increment,
        first_name varchar(50) not null,
        last_name varchar(50) not null,
        birth_day varchar(255) not null,
        email varchar(255) not null,
        gender varchar(255) not null,
        password varchar(255) not null,
        roles enum ('ADMIN','USER'),
        primary key (teacher_id)
    ) engine=InnoDB
[32m2025-04-20 00:00:28.219[0;39m [DEBUG] org.hibernate.SQL [main] 
    alter table student 
       add constraint UKfe0i52si7ybu0wjedj6motiim unique (email)
[32m2025-04-20 00:00:28.229[0;39m [INFO] org.springframework.orm.jpa.LocalContainerEntityManagerFactoryBean [main] Initialized JPA EntityManagerFactory for persistence unit 'default'
[32m2025-04-20 00:00:28.722[0;39m [INFO] org.springframework.security.config.annotation.authentication.configuration.InitializeAuthenticationProviderBeanManagerConfigurer$InitializeAuthenticationProviderManagerConfigurer [main] Global AuthenticationManager configured with AuthenticationProvider bean with name authenticationProvider
[32m2025-04-20 00:00:28.723[0;39m [WARN] org.springframework.security.config.annotation.authentication.configuration.InitializeUserDetailsBeanManagerConfigurer$InitializeUserDetailsManagerConfigurer [main] Global AuthenticationManager configured with an AuthenticationProvider bean. UserDetailsService beans will not be used by Spring Security for automatically configuring username/password login. Consider removing the AuthenticationProvider bean. Alternatively, consider using the UserDetailsService in a manually instantiated DaoAuthenticationProvider. If the current configuration is intentional, to turn off this warning, increase the logging level of 'org.springframework.security.config.annotation.authentication.configuration.InitializeUserDetailsBeanManagerConfigurer' to ERROR
[32m2025-04-20 00:00:28.958[0;39m [DEBUG] org.springframework.security.web.DefaultSecurityFilterChain [main] Will secure any request with filters: DisableEncodeUrlFilter, WebAsyncManagerIntegrationFilter, SecurityContextHolderFilter, HeaderWriterFilter, LogoutFilter, JwtAuthenticationFilter, UsernamePasswordAuthenticationFilter, DefaultResourcesFilter, DefaultLoginPageGeneratingFilter, DefaultLogoutPageGeneratingFilter, BasicAuthenticationFilter, RequestCacheAwareFilter, SecurityContextHolderAwareRequestFilter, AnonymousAuthenticationFilter, SessionManagementFilter, ExceptionTranslationFilter, AuthorizationFilter
[32m2025-04-20 00:00:29.008[0;39m [INFO] org.springframework.validation.beanvalidation.OptionalValidatorFactoryBean [main] Failed to set up a Bean Validation provider: jakarta.validation.NoProviderFoundException: Unable to create a Configuration, because no Jakarta Bean Validation provider could be found. Add a provider like Hibernate Validator (RI) to your classpath.
[32m2025-04-20 00:00:29.309[0;39m [INFO] org.springframework.boot.web.embedded.tomcat.TomcatWebServer [main] Tomcat started on port 8080 (http) with context path '/'
[32m2025-04-20 00:00:29.320[0;39m [INFO] com.school20.school2.School2Application [main] Started School2Application in 4.956 seconds (process running for 5.435)
[32m2025-04-20 00:00:34.642[0;39m [INFO] org.apache.catalina.core.ContainerBase.[Tomcat].[localhost].[/] [http-nio-8080-exec-1] Initializing Spring DispatcherServlet 'dispatcherServlet'
[32m2025-04-20 00:00:34.643[0;39m [INFO] org.springframework.web.servlet.DispatcherServlet [http-nio-8080-exec-1] Initializing Servlet 'dispatcherServlet'
[32m2025-04-20 00:00:34.644[0;39m [INFO] org.springframework.web.servlet.DispatcherServlet [http-nio-8080-exec-1] Completed initialization in 1 ms
[32m2025-04-20 00:00:34.655[0;39m [DEBUG] org.springframework.security.web.FilterChainProxy [http-nio-8080-exec-1] Securing POST /api/v1/authentication/register
[32m2025-04-20 00:00:34.660[0;39m [DEBUG] org.springframework.security.web.authentication.AnonymousAuthenticationFilter [http-nio-8080-exec-1] Set SecurityContextHolder to anonymous SecurityContext
[32m2025-04-20 00:00:34.660[0;39m [DEBUG] org.springframework.security.web.session.SessionManagementFilter [http-nio-8080-exec-1] Request requested invalid session id 688F26CB9B6637551E39458BBB5A2BE3
[32m2025-04-20 00:00:34.661[0;39m [DEBUG] org.springframework.security.web.FilterChainProxy [http-nio-8080-exec-1] Secured POST /api/v1/authentication/register
[32m2025-04-20 00:00:34.786[0;39m [DEBUG] org.hibernate.SQL [http-nio-8080-exec-1] 
    select
        s1_0.teacher_id 
    from
        student s1_0 
    where
        s1_0.email=? 
    limit
        ?
[32m2025-04-20 00:00:34.888[0;39m [DEBUG] org.hibernate.SQL [http-nio-8080-exec-1] 
    insert 
    into
        student
        (birth_day, email, first_name, gender, last_name, password, roles) 
    values
        (?, ?, ?, ?, ?, ?, ?)
[32m2025-04-20 00:00:38.368[0;39m [DEBUG] org.springframework.security.web.FilterChainProxy [http-nio-8080-exec-2] Securing POST /api/v1/authentication/login
[32m2025-04-20 00:00:38.465[0;39m [DEBUG] org.hibernate.SQL [http-nio-8080-exec-2] 
    select
        s1_0.teacher_id,
        s1_0.birth_day,
        s1_0.email,
        s1_0.first_name,
        s1_0.gender,
        s1_0.last_name,
        s1_0.password,
        s1_0.roles 
    from
        student s1_0 
    where
        s1_0.email=?
[32m2025-04-20 00:00:38.539[0;39m [DEBUG] org.springframework.security.authentication.dao.DaoAuthenticationProvider [http-nio-8080-exec-2] Authenticated user
[32m2025-04-20 00:00:38.540[0;39m [DEBUG] org.springframework.security.web.authentication.www.BasicAuthenticationFilter [http-nio-8080-exec-2] Set SecurityContextHolder to UsernamePasswordAuthenticationToken [Principal=com.school20.school2.Entitys.Student@5551ecbe, Credentials=[PROTECTED], Authenticated=true, Details=WebAuthenticationDetails [RemoteIpAddress=127.0.0.1, SessionId=null], Granted Authorities=[ROLE_ADMIN]]
[32m2025-04-20 00:00:38.540[0;39m [DEBUG] org.springframework.security.web.FilterChainProxy [http-nio-8080-exec-2] Secured POST /api/v1/authentication/login
[32m2025-04-20 00:00:38.542[0;39m [DEBUG] org.hibernate.SQL [http-nio-8080-exec-2] 
    select
        s1_0.teacher_id,
        s1_0.birth_day,
        s1_0.email,
        s1_0.first_name,
        s1_0.gender,
        s1_0.last_name,
        s1_0.password,
        s1_0.roles 
    from
        student s1_0 
    where
        s1_0.email=?
[32m2025-04-20 00:00:38.606[0;39m [DEBUG] org.springframework.security.authentication.dao.DaoAuthenticationProvider [http-nio-8080-exec-2] Authenticated user
[32m2025-04-20 00:00:38.607[0;39m [DEBUG] org.hibernate.SQL [http-nio-8080-exec-2] 
    select
        s1_0.teacher_id,
        s1_0.birth_day,
        s1_0.email,
        s1_0.first_name,
        s1_0.gender,
        s1_0.last_name,
        s1_0.password,
        s1_0.roles 
    from
        student s1_0 
    where
        s1_0.email=?
[32m2025-04-20 00:00:49.960[0;39m [DEBUG] org.springframework.security.web.FilterChainProxy [http-nio-8080-exec-3] Securing GET /api/v1/users/thisStudent
[32m2025-04-20 00:00:49.961[0;39m [DEBUG] org.springframework.security.web.authentication.AnonymousAuthenticationFilter [http-nio-8080-exec-3] Set SecurityContextHolder to anonymous SecurityContext
[32m2025-04-20 00:00:49.962[0;39m [DEBUG] org.springframework.security.web.session.SessionManagementFilter [http-nio-8080-exec-3] Request requested invalid session id 688F26CB9B6637551E39458BBB5A2BE3
[32m2025-04-20 00:00:49.966[0;39m [DEBUG] org.springframework.security.web.authentication.DelegatingAuthenticationEntryPoint [http-nio-8080-exec-3] Trying to match using Or [RequestHeaderRequestMatcher [expectedHeaderName=X-Requested-With, expectedHeaderValue=XMLHttpRequest], And [Not [MediaTypeRequestMatcher [contentNegotiationStrategy=org.springframework.web.accept.ContentNegotiationManager@56d3af4d, matchingMediaTypes=[text/html], useEquals=false, ignoredMediaTypes=[]]], MediaTypeRequestMatcher [contentNegotiationStrategy=org.springframework.web.accept.ContentNegotiationManager@56d3af4d, matchingMediaTypes=[application/atom+xml, application/x-www-form-urlencoded, application/json, application/octet-stream, application/xml, multipart/form-data, text/xml], useEquals=false, ignoredMediaTypes=[*/*]]], MediaTypeRequestMatcher [contentNegotiationStrategy=org.springframework.web.accept.ContentNegotiationManager@56d3af4d, matchingMediaTypes=[*/*], useEquals=true, ignoredMediaTypes=[]]]
[32m2025-04-20 00:00:49.967[0;39m [DEBUG] org.springframework.security.web.authentication.DelegatingAuthenticationEntryPoint [http-nio-8080-exec-3] Match found! Executing org.springframework.security.web.authentication.DelegatingAuthenticationEntryPoint@1978eab7
[32m2025-04-20 00:00:49.967[0;39m [DEBUG] org.springframework.security.web.authentication.DelegatingAuthenticationEntryPoint [http-nio-8080-exec-3] Trying to match using RequestHeaderRequestMatcher [expectedHeaderName=X-Requested-With, expectedHeaderValue=XMLHttpRequest]
[32m2025-04-20 00:00:49.967[0;39m [DEBUG] org.springframework.security.web.authentication.DelegatingAuthenticationEntryPoint [http-nio-8080-exec-3] No match found. Using default entry point org.springframework.security.web.authentication.www.BasicAuthenticationEntryPoint@1c21a857
[32m2025-04-20 00:00:49.976[0;39m [DEBUG] org.springframework.security.web.FilterChainProxy [http-nio-8080-exec-3] Securing GET /error
[32m2025-04-20 00:00:49.977[0;39m [DEBUG] org.springframework.security.web.authentication.AnonymousAuthenticationFilter [http-nio-8080-exec-3] Set SecurityContextHolder to anonymous SecurityContext
[32m2025-04-20 00:00:49.977[0;39m [DEBUG] org.springframework.security.web.authentication.DelegatingAuthenticationEntryPoint [http-nio-8080-exec-3] Trying to match using Or [RequestHeaderRequestMatcher [expectedHeaderName=X-Requested-With, expectedHeaderValue=XMLHttpRequest], And [Not [MediaTypeRequestMatcher [contentNegotiationStrategy=org.springframework.web.accept.ContentNegotiationManager@56d3af4d, matchingMediaTypes=[text/html], useEquals=false, ignoredMediaTypes=[]]], MediaTypeRequestMatcher [contentNegotiationStrategy=org.springframework.web.accept.ContentNegotiationManager@56d3af4d, matchingMediaTypes=[application/atom+xml, application/x-www-form-urlencoded, application/json, application/octet-stream, application/xml, multipart/form-data, text/xml], useEquals=false, ignoredMediaTypes=[*/*]]], MediaTypeRequestMatcher [contentNegotiationStrategy=org.springframework.web.accept.ContentNegotiationManager@56d3af4d, matchingMediaTypes=[*/*], useEquals=true, ignoredMediaTypes=[]]]
[32m2025-04-20 00:00:49.977[0;39m [DEBUG] org.springframework.security.web.authentication.DelegatingAuthenticationEntryPoint [http-nio-8080-exec-3] Match found! Executing org.springframework.security.web.authentication.DelegatingAuthenticationEntryPoint@1978eab7
[32m2025-04-20 00:00:49.977[0;39m [DEBUG] org.springframework.security.web.authentication.DelegatingAuthenticationEntryPoint [http-nio-8080-exec-3] Trying to match using RequestHeaderRequestMatcher [expectedHeaderName=X-Requested-With, expectedHeaderValue=XMLHttpRequest]
[32m2025-04-20 00:00:49.977[0;39m [DEBUG] org.springframework.security.web.authentication.DelegatingAuthenticationEntryPoint [http-nio-8080-exec-3] No match found. Using default entry point org.springframework.security.web.authentication.www.BasicAuthenticationEntryPoint@1c21a857
[32m2025-04-20 00:00:56.487[0;39m [DEBUG] org.springframework.security.web.FilterChainProxy [http-nio-8080-exec-4] Securing GET /api/v1/users/thisStudent
[32m2025-04-20 00:00:56.493[0;39m [DEBUG] org.springframework.security.web.authentication.AnonymousAuthenticationFilter [http-nio-8080-exec-4] Set SecurityContextHolder to anonymous SecurityContext
[32m2025-04-20 00:00:56.493[0;39m [DEBUG] org.springframework.security.web.session.SessionManagementFilter [http-nio-8080-exec-4] Request requested invalid session id 688F26CB9B6637551E39458BBB5A2BE3
[32m2025-04-20 00:00:56.494[0;39m [DEBUG] org.springframework.security.web.authentication.DelegatingAuthenticationEntryPoint [http-nio-8080-exec-4] Trying to match using Or [RequestHeaderRequestMatcher [expectedHeaderName=X-Requested-With, expectedHeaderValue=XMLHttpRequest], And [Not [MediaTypeRequestMatcher [contentNegotiationStrategy=org.springframework.web.accept.ContentNegotiationManager@56d3af4d, matchingMediaTypes=[text/html], useEquals=false, ignoredMediaTypes=[]]], MediaTypeRequestMatcher [contentNegotiationStrategy=org.springframework.web.accept.ContentNegotiationManager@56d3af4d, matchingMediaTypes=[application/atom+xml, application/x-www-form-urlencoded, application/json, application/octet-stream, application/xml, multipart/form-data, text/xml], useEquals=false, ignoredMediaTypes=[*/*]]], MediaTypeRequestMatcher [contentNegotiationStrategy=org.springframework.web.accept.ContentNegotiationManager@56d3af4d, matchingMediaTypes=[*/*], useEquals=true, ignoredMediaTypes=[]]]
[32m2025-04-20 00:00:56.494[0;39m [DEBUG] org.springframework.security.web.authentication.DelegatingAuthenticationEntryPoint [http-nio-8080-exec-4] Match found! Executing org.springframework.security.web.authentication.DelegatingAuthenticationEntryPoint@1978eab7
[32m2025-04-20 00:00:56.494[0;39m [DEBUG] org.springframework.security.web.authentication.DelegatingAuthenticationEntryPoint [http-nio-8080-exec-4] Trying to match using RequestHeaderRequestMatcher [expectedHeaderName=X-Requested-With, expectedHeaderValue=XMLHttpRequest]
[32m2025-04-20 00:00:56.494[0;39m [DEBUG] org.springframework.security.web.authentication.DelegatingAuthenticationEntryPoint [http-nio-8080-exec-4] No match found. Using default entry point org.springframework.security.web.authentication.www.BasicAuthenticationEntryPoint@1c21a857
[32m2025-04-20 00:00:56.497[0;39m [DEBUG] org.springframework.security.web.FilterChainProxy [http-nio-8080-exec-4] Securing GET /error
[32m2025-04-20 00:00:56.497[0;39m [DEBUG] org.springframework.security.web.authentication.AnonymousAuthenticationFilter [http-nio-8080-exec-4] Set SecurityContextHolder to anonymous SecurityContext
[32m2025-04-20 00:00:56.498[0;39m [DEBUG] org.springframework.security.web.authentication.DelegatingAuthenticationEntryPoint [http-nio-8080-exec-4] Trying to match using Or [RequestHeaderRequestMatcher [expectedHeaderName=X-Requested-With, expectedHeaderValue=XMLHttpRequest], And [Not [MediaTypeRequestMatcher [contentNegotiationStrategy=org.springframework.web.accept.ContentNegotiationManager@56d3af4d, matchingMediaTypes=[text/html], useEquals=false, ignoredMediaTypes=[]]], MediaTypeRequestMatcher [contentNegotiationStrategy=org.springframework.web.accept.ContentNegotiationManager@56d3af4d, matchingMediaTypes=[application/atom+xml, application/x-www-form-urlencoded, application/json, application/octet-stream, application/xml, multipart/form-data, text/xml], useEquals=false, ignoredMediaTypes=[*/*]]], MediaTypeRequestMatcher [contentNegotiationStrategy=org.springframework.web.accept.ContentNegotiationManager@56d3af4d, matchingMediaTypes=[*/*], useEquals=true, ignoredMediaTypes=[]]]
[32m2025-04-20 00:00:56.498[0;39m [DEBUG] org.springframework.security.web.authentication.DelegatingAuthenticationEntryPoint [http-nio-8080-exec-4] Match found! Executing org.springframework.security.web.authentication.DelegatingAuthenticationEntryPoint@1978eab7
[32m2025-04-20 00:00:56.498[0;39m [DEBUG] org.springframework.security.web.authentication.DelegatingAuthenticationEntryPoint [http-nio-8080-exec-4] Trying to match using RequestHeaderRequestMatcher [expectedHeaderName=X-Requested-With, expectedHeaderValue=XMLHttpRequest]
[32m2025-04-20 00:00:56.498[0;39m [DEBUG] org.springframework.security.web.authentication.DelegatingAuthenticationEntryPoint [http-nio-8080-exec-4] No match found. Using default entry point org.springframework.security.web.authentication.www.BasicAuthenticationEntryPoint@1c21a857
[32m2025-04-20 00:03:01.741[0;39m [DEBUG] org.springframework.security.web.FilterChainProxy [http-nio-8080-exec-6] Securing GET /api/v1/users/thisStudent
[32m2025-04-20 00:03:01.764[0;39m [DEBUG] org.hibernate.SQL [http-nio-8080-exec-6] 
    select
        s1_0.teacher_id,
        s1_0.birth_day,
        s1_0.email,
        s1_0.first_name,
        s1_0.gender,
        s1_0.last_name,
        s1_0.password,
        s1_0.roles 
    from
        student s1_0 
    where
        s1_0.email=?
[32m2025-04-20 00:03:01.770[0;39m [DEBUG] org.springframework.security.web.FilterChainProxy [http-nio-8080-exec-6] Secured GET /api/v1/users/thisStudent
[32m2025-04-20 00:07:38.619[0;39m [INFO] org.springframework.boot.web.embedded.tomcat.GracefulShutdown [SpringApplicationShutdownHook] Commencing graceful shutdown. Waiting for active requests to complete
[32m2025-04-20 00:07:39.654[0;39m [INFO] org.springframework.boot.web.embedded.tomcat.GracefulShutdown [tomcat-shutdown] Graceful shutdown complete
[32m2025-04-20 00:07:39.660[0;39m [INFO] org.springframework.orm.jpa.LocalContainerEntityManagerFactoryBean [SpringApplicationShutdownHook] Closing JPA EntityManagerFactory for persistence unit 'default'
[32m2025-04-20 00:07:39.661[0;39m [DEBUG] org.hibernate.SQL [SpringApplicationShutdownHook] 
    drop table if exists student
[32m2025-04-20 00:07:39.668[0;39m [INFO] com.zaxxer.hikari.HikariDataSource [SpringApplicationShutdownHook] HikariPool-1 - Shutdown initiated...
[32m2025-04-20 00:07:39.673[0;39m [INFO] com.zaxxer.hikari.HikariDataSource [SpringApplicationShutdownHook] HikariPool-1 - Shutdown completed.
[32m2025-04-20 00:07:42.271[0;39m [INFO] com.school20.school2.School2Application [main] Starting School2Application using Java 23.0.1 with PID 80043 (/Users/admin.ian.swerts/Desktop/projects/school2/target/classes started by admin.ian.swerts in /Users/admin.ian.swerts/Desktop/projects/school2)
[32m2025-04-20 00:07:42.273[0;39m [INFO] com.school20.school2.School2Application [main] No active profile set, falling back to 1 default profile: "default"
[32m2025-04-20 00:07:43.118[0;39m [INFO] org.springframework.data.repository.config.RepositoryConfigurationDelegate [main] Multiple Spring Data modules found, entering strict repository configuration mode
[32m2025-04-20 00:07:43.119[0;39m [INFO] org.springframework.data.repository.config.RepositoryConfigurationDelegate [main] Bootstrapping Spring Data JDBC repositories in DEFAULT mode.
[32m2025-04-20 00:07:43.154[0;39m [INFO] org.springframework.data.repository.config.RepositoryConfigurationExtensionSupport [main] Spring Data JDBC - Could not safely identify store assignment for repository candidate interface com.school20.school2.Repositories.StudentRepository; If you want this repository to be a JDBC repository, consider annotating your entities with one of these annotations: org.springframework.data.relational.core.mapping.Table.
[32m2025-04-20 00:07:43.155[0;39m [INFO] org.springframework.data.repository.config.RepositoryConfigurationDelegate [main] Finished Spring Data repository scanning in 31 ms. Found 0 JDBC repository interfaces.
[32m2025-04-20 00:07:43.169[0;39m [INFO] org.springframework.data.repository.config.RepositoryConfigurationDelegate [main] Multiple Spring Data modules found, entering strict repository configuration mode
[32m2025-04-20 00:07:43.170[0;39m [INFO] org.springframework.data.repository.config.RepositoryConfigurationDelegate [main] Bootstrapping Spring Data JPA repositories in DEFAULT mode.
[32m2025-04-20 00:07:43.202[0;39m [INFO] org.springframework.data.repository.config.RepositoryConfigurationDelegate [main] Finished Spring Data repository scanning in 27 ms. Found 1 JPA repository interface.
[32m2025-04-20 00:07:43.755[0;39m [INFO] org.springframework.boot.web.embedded.tomcat.TomcatWebServer [main] Tomcat initialized with port 8080 (http)
[32m2025-04-20 00:07:43.769[0;39m [INFO] org.apache.catalina.core.StandardService [main] Starting service [Tomcat]
[32m2025-04-20 00:07:43.769[0;39m [INFO] org.apache.catalina.core.StandardEngine [main] Starting Servlet engine: [Apache Tomcat/10.1.36]
[32m2025-04-20 00:07:43.822[0;39m [INFO] org.apache.catalina.core.ContainerBase.[Tomcat].[localhost].[/] [main] Initializing Spring embedded WebApplicationContext
[32m2025-04-20 00:07:43.823[0;39m [INFO] org.springframework.boot.web.servlet.context.ServletWebServerApplicationContext [main] Root WebApplicationContext: initialization completed in 1495 ms
[32m2025-04-20 00:07:43.968[0;39m [WARN] org.springframework.boot.autoconfigure.orm.jpa.JpaBaseConfiguration$JpaWebConfiguration [main] spring.jpa.open-in-view is enabled by default. Therefore, database queries may be performed during view rendering. Explicitly configure spring.jpa.open-in-view to disable this warning
[32m2025-04-20 00:07:44.087[0;39m [INFO] org.hibernate.jpa.internal.util.LogHelper [main] HHH000204: Processing PersistenceUnitInfo [name: default]
[32m2025-04-20 00:07:44.138[0;39m [INFO] org.hibernate.Version [main] HHH000412: Hibernate ORM core version 6.6.8.Final
[32m2025-04-20 00:07:44.173[0;39m [INFO] org.hibernate.cache.internal.RegionFactoryInitiator [main] HHH000026: Second-level cache disabled
[32m2025-04-20 00:07:44.421[0;39m [INFO] org.springframework.orm.jpa.persistenceunit.SpringPersistenceUnitInfo [main] No LoadTimeWeaver setup: ignoring JPA class transformer
[32m2025-04-20 00:07:44.446[0;39m [INFO] com.zaxxer.hikari.HikariDataSource [main] HikariPool-1 - Starting...
[32m2025-04-20 00:07:44.590[0;39m [INFO] com.zaxxer.hikari.pool.HikariPool [main] HikariPool-1 - Added connection com.mysql.cj.jdbc.ConnectionImpl@5a7e81
[32m2025-04-20 00:07:44.592[0;39m [INFO] com.zaxxer.hikari.HikariDataSource [main] HikariPool-1 - Start completed.
[32m2025-04-20 00:07:44.637[0;39m [WARN] org.hibernate.orm.deprecation [main] HHH90000025: MySQLDialect does not need to be specified explicitly using 'hibernate.dialect' (remove the property setting and it will be selected by default)
[32m2025-04-20 00:07:44.663[0;39m [INFO] org.hibernate.orm.connections.pooling [main] HHH10001005: Database info:
	Database JDBC URL [Connecting through datasource 'HikariDataSource (HikariPool-1)']
	Database driver: undefined/unknown
	Database version: 9.2
	Autocommit mode: undefined/unknown
	Isolation level: undefined/unknown
	Minimum pool size: undefined/unknown
	Maximum pool size: undefined/unknown
[32m2025-04-20 00:07:45.327[0;39m [INFO] org.hibernate.engine.transaction.jta.platform.internal.JtaPlatformInitiator [main] HHH000489: No JTA platform available (set 'hibernate.transaction.jta.platform' to enable JTA platform integration)
[32m2025-04-20 00:07:45.337[0;39m [DEBUG] org.hibernate.SQL [main] 
    drop table if exists student
[32m2025-04-20 00:07:45.611[0;39m [DEBUG] org.hibernate.SQL [main] 
    create table student (
        teacher_id bigint not null auto_increment,
        first_name varchar(50) not null,
        last_name varchar(50) not null,
        birth_day varchar(255) not null,
        email varchar(255) not null,
        gender varchar(255) not null,
        password varchar(255) not null,
        roles enum ('ADMIN','USER'),
        primary key (teacher_id)
    ) engine=InnoDB
[32m2025-04-20 00:07:45.618[0;39m [DEBUG] org.hibernate.SQL [main] 
    alter table student 
       add constraint UKfe0i52si7ybu0wjedj6motiim unique (email)
[32m2025-04-20 00:07:45.627[0;39m [INFO] org.springframework.orm.jpa.LocalContainerEntityManagerFactoryBean [main] Initialized JPA EntityManagerFactory for persistence unit 'default'
[32m2025-04-20 00:07:46.040[0;39m [INFO] org.springframework.security.config.annotation.authentication.configuration.InitializeAuthenticationProviderBeanManagerConfigurer$InitializeAuthenticationProviderManagerConfigurer [main] Global AuthenticationManager configured with AuthenticationProvider bean with name authenticationProvider
[32m2025-04-20 00:07:46.041[0;39m [WARN] org.springframework.security.config.annotation.authentication.configuration.InitializeUserDetailsBeanManagerConfigurer$InitializeUserDetailsManagerConfigurer [main] Global AuthenticationManager configured with an AuthenticationProvider bean. UserDetailsService beans will not be used by Spring Security for automatically configuring username/password login. Consider removing the AuthenticationProvider bean. Alternatively, consider using the UserDetailsService in a manually instantiated DaoAuthenticationProvider. If the current configuration is intentional, to turn off this warning, increase the logging level of 'org.springframework.security.config.annotation.authentication.configuration.InitializeUserDetailsBeanManagerConfigurer' to ERROR
[32m2025-04-20 00:07:46.236[0;39m [DEBUG] org.springframework.security.web.DefaultSecurityFilterChain [main] Will secure any request with filters: DisableEncodeUrlFilter, WebAsyncManagerIntegrationFilter, SecurityContextHolderFilter, HeaderWriterFilter, LogoutFilter, JwtAuthenticationFilter, UsernamePasswordAuthenticationFilter, DefaultResourcesFilter, DefaultLoginPageGeneratingFilter, DefaultLogoutPageGeneratingFilter, BasicAuthenticationFilter, RequestCacheAwareFilter, SecurityContextHolderAwareRequestFilter, AnonymousAuthenticationFilter, SessionManagementFilter, ExceptionTranslationFilter, AuthorizationFilter
[32m2025-04-20 00:07:46.283[0;39m [INFO] org.springframework.validation.beanvalidation.OptionalValidatorFactoryBean [main] Failed to set up a Bean Validation provider: jakarta.validation.NoProviderFoundException: Unable to create a Configuration, because no Jakarta Bean Validation provider could be found. Add a provider like Hibernate Validator (RI) to your classpath.
[32m2025-04-20 00:07:46.529[0;39m [INFO] org.springframework.boot.web.embedded.tomcat.TomcatWebServer [main] Tomcat started on port 8080 (http) with context path '/'
[32m2025-04-20 00:07:46.537[0;39m [INFO] com.school20.school2.School2Application [main] Started School2Application in 4.656 seconds (process running for 4.989)
[32m2025-04-20 00:07:56.347[0;39m [INFO] org.apache.catalina.core.ContainerBase.[Tomcat].[localhost].[/] [http-nio-8080-exec-1] Initializing Spring DispatcherServlet 'dispatcherServlet'
[32m2025-04-20 00:07:56.347[0;39m [INFO] org.springframework.web.servlet.DispatcherServlet [http-nio-8080-exec-1] Initializing Servlet 'dispatcherServlet'
[32m2025-04-20 00:07:56.348[0;39m [INFO] org.springframework.web.servlet.DispatcherServlet [http-nio-8080-exec-1] Completed initialization in 1 ms
[32m2025-04-20 00:07:56.361[0;39m [DEBUG] org.springframework.security.web.FilterChainProxy [http-nio-8080-exec-1] Securing POST /api/v1/authentication/register
[32m2025-04-20 00:07:56.367[0;39m [DEBUG] org.springframework.security.web.authentication.AnonymousAuthenticationFilter [http-nio-8080-exec-1] Set SecurityContextHolder to anonymous SecurityContext
[32m2025-04-20 00:07:56.367[0;39m [DEBUG] org.springframework.security.web.session.SessionManagementFilter [http-nio-8080-exec-1] Request requested invalid session id 688F26CB9B6637551E39458BBB5A2BE3
[32m2025-04-20 00:07:56.368[0;39m [DEBUG] org.springframework.security.web.FilterChainProxy [http-nio-8080-exec-1] Secured POST /api/v1/authentication/register
[32m2025-04-20 00:07:56.525[0;39m [DEBUG] org.hibernate.SQL [http-nio-8080-exec-1] 
    select
        s1_0.teacher_id 
    from
        student s1_0 
    where
        s1_0.email=? 
    limit
        ?
[32m2025-04-20 00:07:56.670[0;39m [DEBUG] org.hibernate.SQL [http-nio-8080-exec-1] 
    insert 
    into
        student
        (birth_day, email, first_name, gender, last_name, password, roles) 
    values
        (?, ?, ?, ?, ?, ?, ?)
[32m2025-04-20 00:07:58.700[0;39m [DEBUG] org.springframework.security.web.FilterChainProxy [http-nio-8080-exec-2] Securing POST /api/v1/authentication/login
[32m2025-04-20 00:07:58.826[0;39m [DEBUG] org.hibernate.SQL [http-nio-8080-exec-2] 
    select
        s1_0.teacher_id,
        s1_0.birth_day,
        s1_0.email,
        s1_0.first_name,
        s1_0.gender,
        s1_0.last_name,
        s1_0.password,
        s1_0.roles 
    from
        student s1_0 
    where
        s1_0.email=?
[32m2025-04-20 00:07:58.912[0;39m [DEBUG] org.springframework.security.authentication.dao.DaoAuthenticationProvider [http-nio-8080-exec-2] Authenticated user
[32m2025-04-20 00:07:58.912[0;39m [DEBUG] org.springframework.security.web.authentication.www.BasicAuthenticationFilter [http-nio-8080-exec-2] Set SecurityContextHolder to UsernamePasswordAuthenticationToken [Principal=com.school20.school2.Entitys.Student@78cbe6e7, Credentials=[PROTECTED], Authenticated=true, Details=WebAuthenticationDetails [RemoteIpAddress=127.0.0.1, SessionId=null], Granted Authorities=[ROLE_ADMIN]]
[32m2025-04-20 00:07:58.913[0;39m [DEBUG] org.springframework.security.web.FilterChainProxy [http-nio-8080-exec-2] Secured POST /api/v1/authentication/login
[32m2025-04-20 00:07:58.916[0;39m [DEBUG] org.hibernate.SQL [http-nio-8080-exec-2] 
    select
        s1_0.teacher_id,
        s1_0.birth_day,
        s1_0.email,
        s1_0.first_name,
        s1_0.gender,
        s1_0.last_name,
        s1_0.password,
        s1_0.roles 
    from
        student s1_0 
    where
        s1_0.email=?
[32m2025-04-20 00:07:58.995[0;39m [DEBUG] org.springframework.security.authentication.dao.DaoAuthenticationProvider [http-nio-8080-exec-2] Authenticated user
[32m2025-04-20 00:07:58.997[0;39m [DEBUG] org.hibernate.SQL [http-nio-8080-exec-2] 
    select
        s1_0.teacher_id,
        s1_0.birth_day,
        s1_0.email,
        s1_0.first_name,
        s1_0.gender,
        s1_0.last_name,
        s1_0.password,
        s1_0.roles 
    from
        student s1_0 
    where
        s1_0.email=?
[32m2025-04-20 00:08:08.137[0;39m [DEBUG] org.springframework.security.web.FilterChainProxy [http-nio-8080-exec-3] Securing GET /api/v1/users/thisStudent
[32m2025-04-20 00:08:08.148[0;39m [DEBUG] org.hibernate.SQL [http-nio-8080-exec-3] 
    select
        s1_0.teacher_id,
        s1_0.birth_day,
        s1_0.email,
        s1_0.first_name,
        s1_0.gender,
        s1_0.last_name,
        s1_0.password,
        s1_0.roles 
    from
        student s1_0 
    where
        s1_0.email=?
[32m2025-04-20 00:08:08.154[0;39m [DEBUG] org.springframework.security.web.FilterChainProxy [http-nio-8080-exec-3] Secured GET /api/v1/users/thisStudent
[32m2025-04-20 00:08:19.598[0;39m [INFO] org.springframework.boot.web.embedded.tomcat.GracefulShutdown [SpringApplicationShutdownHook] Commencing graceful shutdown. Waiting for active requests to complete
[32m2025-04-20 00:08:20.634[0;39m [INFO] org.springframework.boot.web.embedded.tomcat.GracefulShutdown [tomcat-shutdown] Graceful shutdown complete
[32m2025-04-20 00:08:20.640[0;39m [INFO] org.springframework.orm.jpa.LocalContainerEntityManagerFactoryBean [SpringApplicationShutdownHook] Closing JPA EntityManagerFactory for persistence unit 'default'
[32m2025-04-20 00:08:20.641[0;39m [DEBUG] org.hibernate.SQL [SpringApplicationShutdownHook] 
    drop table if exists student
[32m2025-04-20 00:08:20.648[0;39m [INFO] com.zaxxer.hikari.HikariDataSource [SpringApplicationShutdownHook] HikariPool-1 - Shutdown initiated...
[32m2025-04-20 00:08:20.652[0;39m [INFO] com.zaxxer.hikari.HikariDataSource [SpringApplicationShutdownHook] HikariPool-1 - Shutdown completed.
[32m2025-04-20 00:08:23.072[0;39m [INFO] com.school20.school2.School2Application [main] Starting School2Application using Java 23.0.1 with PID 80066 (/Users/admin.ian.swerts/Desktop/projects/school2/target/classes started by admin.ian.swerts in /Users/admin.ian.swerts/Desktop/projects/school2)
[32m2025-04-20 00:08:23.074[0;39m [INFO] com.school20.school2.School2Application [main] No active profile set, falling back to 1 default profile: "default"
[32m2025-04-20 00:08:24.052[0;39m [INFO] org.springframework.data.repository.config.RepositoryConfigurationDelegate [main] Multiple Spring Data modules found, entering strict repository configuration mode
[32m2025-04-20 00:08:24.053[0;39m [INFO] org.springframework.data.repository.config.RepositoryConfigurationDelegate [main] Bootstrapping Spring Data JDBC repositories in DEFAULT mode.
[32m2025-04-20 00:08:24.104[0;39m [INFO] org.springframework.data.repository.config.RepositoryConfigurationExtensionSupport [main] Spring Data JDBC - Could not safely identify store assignment for repository candidate interface com.school20.school2.Repositories.StudentRepository; If you want this repository to be a JDBC repository, consider annotating your entities with one of these annotations: org.springframework.data.relational.core.mapping.Table.
[32m2025-04-20 00:08:24.104[0;39m [INFO] org.springframework.data.repository.config.RepositoryConfigurationDelegate [main] Finished Spring Data repository scanning in 44 ms. Found 0 JDBC repository interfaces.
[32m2025-04-20 00:08:24.119[0;39m [INFO] org.springframework.data.repository.config.RepositoryConfigurationDelegate [main] Multiple Spring Data modules found, entering strict repository configuration mode
[32m2025-04-20 00:08:24.121[0;39m [INFO] org.springframework.data.repository.config.RepositoryConfigurationDelegate [main] Bootstrapping Spring Data JPA repositories in DEFAULT mode.
[32m2025-04-20 00:08:24.157[0;39m [INFO] org.springframework.data.repository.config.RepositoryConfigurationDelegate [main] Finished Spring Data repository scanning in 32 ms. Found 1 JPA repository interface.
[32m2025-04-20 00:08:24.875[0;39m [INFO] org.springframework.boot.web.embedded.tomcat.TomcatWebServer [main] Tomcat initialized with port 8080 (http)
[32m2025-04-20 00:08:24.890[0;39m [INFO] org.apache.catalina.core.StandardService [main] Starting service [Tomcat]
[32m2025-04-20 00:08:24.890[0;39m [INFO] org.apache.catalina.core.StandardEngine [main] Starting Servlet engine: [Apache Tomcat/10.1.36]
[32m2025-04-20 00:08:24.965[0;39m [INFO] org.apache.catalina.core.ContainerBase.[Tomcat].[localhost].[/] [main] Initializing Spring embedded WebApplicationContext
[32m2025-04-20 00:08:24.965[0;39m [INFO] org.springframework.boot.web.servlet.context.ServletWebServerApplicationContext [main] Root WebApplicationContext: initialization completed in 1831 ms
[32m2025-04-20 00:08:25.138[0;39m [WARN] org.springframework.boot.autoconfigure.orm.jpa.JpaBaseConfiguration$JpaWebConfiguration [main] spring.jpa.open-in-view is enabled by default. Therefore, database queries may be performed during view rendering. Explicitly configure spring.jpa.open-in-view to disable this warning
[32m2025-04-20 00:08:25.242[0;39m [INFO] org.hibernate.jpa.internal.util.LogHelper [main] HHH000204: Processing PersistenceUnitInfo [name: default]
[32m2025-04-20 00:08:25.295[0;39m [INFO] org.hibernate.Version [main] HHH000412: Hibernate ORM core version 6.6.8.Final
[32m2025-04-20 00:08:25.339[0;39m [INFO] org.hibernate.cache.internal.RegionFactoryInitiator [main] HHH000026: Second-level cache disabled
[32m2025-04-20 00:08:25.644[0;39m [INFO] org.springframework.orm.jpa.persistenceunit.SpringPersistenceUnitInfo [main] No LoadTimeWeaver setup: ignoring JPA class transformer
[32m2025-04-20 00:08:25.671[0;39m [INFO] com.zaxxer.hikari.HikariDataSource [main] HikariPool-1 - Starting...
[32m2025-04-20 00:08:25.829[0;39m [INFO] com.zaxxer.hikari.pool.HikariPool [main] HikariPool-1 - Added connection com.mysql.cj.jdbc.ConnectionImpl@4045fd1f
[32m2025-04-20 00:08:25.831[0;39m [INFO] com.zaxxer.hikari.HikariDataSource [main] HikariPool-1 - Start completed.
[32m2025-04-20 00:08:25.888[0;39m [WARN] org.hibernate.orm.deprecation [main] HHH90000025: MySQLDialect does not need to be specified explicitly using 'hibernate.dialect' (remove the property setting and it will be selected by default)
[32m2025-04-20 00:08:25.914[0;39m [INFO] org.hibernate.orm.connections.pooling [main] HHH10001005: Database info:
	Database JDBC URL [Connecting through datasource 'HikariDataSource (HikariPool-1)']
	Database driver: undefined/unknown
	Database version: 9.2
	Autocommit mode: undefined/unknown
	Isolation level: undefined/unknown
	Minimum pool size: undefined/unknown
	Maximum pool size: undefined/unknown
[32m2025-04-20 00:08:26.651[0;39m [INFO] org.hibernate.engine.transaction.jta.platform.internal.JtaPlatformInitiator [main] HHH000489: No JTA platform available (set 'hibernate.transaction.jta.platform' to enable JTA platform integration)
[32m2025-04-20 00:08:26.663[0;39m [DEBUG] org.hibernate.SQL [main] 
    drop table if exists student
[32m2025-04-20 00:08:26.992[0;39m [DEBUG] org.hibernate.SQL [main] 
    create table student (
        teacher_id bigint not null auto_increment,
        first_name varchar(50) not null,
        last_name varchar(50) not null,
        birth_day varchar(255) not null,
        email varchar(255) not null,
        gender varchar(255) not null,
        password varchar(255) not null,
        roles enum ('ADMIN','USER'),
        primary key (teacher_id)
    ) engine=InnoDB
[32m2025-04-20 00:08:27.000[0;39m [DEBUG] org.hibernate.SQL [main] 
    alter table student 
       add constraint UKfe0i52si7ybu0wjedj6motiim unique (email)
[32m2025-04-20 00:08:27.013[0;39m [INFO] org.springframework.orm.jpa.LocalContainerEntityManagerFactoryBean [main] Initialized JPA EntityManagerFactory for persistence unit 'default'
[32m2025-04-20 00:08:27.536[0;39m [INFO] org.springframework.security.config.annotation.authentication.configuration.InitializeAuthenticationProviderBeanManagerConfigurer$InitializeAuthenticationProviderManagerConfigurer [main] Global AuthenticationManager configured with AuthenticationProvider bean with name authenticationProvider
[32m2025-04-20 00:08:27.536[0;39m [WARN] org.springframework.security.config.annotation.authentication.configuration.InitializeUserDetailsBeanManagerConfigurer$InitializeUserDetailsManagerConfigurer [main] Global AuthenticationManager configured with an AuthenticationProvider bean. UserDetailsService beans will not be used by Spring Security for automatically configuring username/password login. Consider removing the AuthenticationProvider bean. Alternatively, consider using the UserDetailsService in a manually instantiated DaoAuthenticationProvider. If the current configuration is intentional, to turn off this warning, increase the logging level of 'org.springframework.security.config.annotation.authentication.configuration.InitializeUserDetailsBeanManagerConfigurer' to ERROR
[32m2025-04-20 00:08:27.785[0;39m [DEBUG] org.springframework.security.web.DefaultSecurityFilterChain [main] Will secure any request with filters: DisableEncodeUrlFilter, WebAsyncManagerIntegrationFilter, SecurityContextHolderFilter, HeaderWriterFilter, LogoutFilter, JwtAuthenticationFilter, UsernamePasswordAuthenticationFilter, DefaultResourcesFilter, DefaultLoginPageGeneratingFilter, DefaultLogoutPageGeneratingFilter, BasicAuthenticationFilter, RequestCacheAwareFilter, SecurityContextHolderAwareRequestFilter, AnonymousAuthenticationFilter, SessionManagementFilter, ExceptionTranslationFilter, AuthorizationFilter
[32m2025-04-20 00:08:27.838[0;39m [INFO] org.springframework.validation.beanvalidation.OptionalValidatorFactoryBean [main] Failed to set up a Bean Validation provider: jakarta.validation.NoProviderFoundException: Unable to create a Configuration, because no Jakarta Bean Validation provider could be found. Add a provider like Hibernate Validator (RI) to your classpath.
[32m2025-04-20 00:08:28.158[0;39m [INFO] org.springframework.boot.web.embedded.tomcat.TomcatWebServer [main] Tomcat started on port 8080 (http) with context path '/'
[32m2025-04-20 00:08:28.168[0;39m [INFO] com.school20.school2.School2Application [main] Started School2Application in 5.557 seconds (process running for 5.921)
[32m2025-04-20 00:08:30.705[0;39m [INFO] org.apache.catalina.core.ContainerBase.[Tomcat].[localhost].[/] [http-nio-8080-exec-1] Initializing Spring DispatcherServlet 'dispatcherServlet'
[32m2025-04-20 00:08:30.705[0;39m [INFO] org.springframework.web.servlet.DispatcherServlet [http-nio-8080-exec-1] Initializing Servlet 'dispatcherServlet'
[32m2025-04-20 00:08:30.706[0;39m [INFO] org.springframework.web.servlet.DispatcherServlet [http-nio-8080-exec-1] Completed initialization in 1 ms
[32m2025-04-20 00:08:30.720[0;39m [DEBUG] org.springframework.security.web.FilterChainProxy [http-nio-8080-exec-1] Securing POST /api/v1/authentication/register
[32m2025-04-20 00:08:30.726[0;39m [DEBUG] org.springframework.security.web.authentication.AnonymousAuthenticationFilter [http-nio-8080-exec-1] Set SecurityContextHolder to anonymous SecurityContext
[32m2025-04-20 00:08:30.726[0;39m [DEBUG] org.springframework.security.web.session.SessionManagementFilter [http-nio-8080-exec-1] Request requested invalid session id 688F26CB9B6637551E39458BBB5A2BE3
[32m2025-04-20 00:08:30.727[0;39m [DEBUG] org.springframework.security.web.FilterChainProxy [http-nio-8080-exec-1] Secured POST /api/v1/authentication/register
[32m2025-04-20 00:08:30.882[0;39m [DEBUG] org.hibernate.SQL [http-nio-8080-exec-1] 
    select
        s1_0.teacher_id 
    from
        student s1_0 
    where
        s1_0.email=? 
    limit
        ?
[32m2025-04-20 00:08:31.004[0;39m [DEBUG] org.hibernate.SQL [http-nio-8080-exec-1] 
    insert 
    into
        student
        (birth_day, email, first_name, gender, last_name, password, roles) 
    values
        (?, ?, ?, ?, ?, ?, ?)
[32m2025-04-20 00:08:34.823[0;39m [DEBUG] org.springframework.security.web.FilterChainProxy [http-nio-8080-exec-2] Securing POST /api/v1/authentication/login
[32m2025-04-20 00:08:34.921[0;39m [DEBUG] org.hibernate.SQL [http-nio-8080-exec-2] 
    select
        s1_0.teacher_id,
        s1_0.birth_day,
        s1_0.email,
        s1_0.first_name,
        s1_0.gender,
        s1_0.last_name,
        s1_0.password,
        s1_0.roles 
    from
        student s1_0 
    where
        s1_0.email=?
[32m2025-04-20 00:08:34.991[0;39m [DEBUG] org.springframework.security.authentication.dao.DaoAuthenticationProvider [http-nio-8080-exec-2] Authenticated user
[32m2025-04-20 00:08:34.991[0;39m [DEBUG] org.springframework.security.web.authentication.www.BasicAuthenticationFilter [http-nio-8080-exec-2] Set SecurityContextHolder to UsernamePasswordAuthenticationToken [Principal=com.school20.school2.Entitys.Student@430820ee, Credentials=[PROTECTED], Authenticated=true, Details=WebAuthenticationDetails [RemoteIpAddress=127.0.0.1, SessionId=null], Granted Authorities=[ROLE_ADMIN]]
[32m2025-04-20 00:08:34.991[0;39m [DEBUG] org.springframework.security.web.FilterChainProxy [http-nio-8080-exec-2] Secured POST /api/v1/authentication/login
[32m2025-04-20 00:08:34.994[0;39m [DEBUG] org.hibernate.SQL [http-nio-8080-exec-2] 
    select
        s1_0.teacher_id,
        s1_0.birth_day,
        s1_0.email,
        s1_0.first_name,
        s1_0.gender,
        s1_0.last_name,
        s1_0.password,
        s1_0.roles 
    from
        student s1_0 
    where
        s1_0.email=?
[32m2025-04-20 00:08:35.057[0;39m [DEBUG] org.springframework.security.authentication.dao.DaoAuthenticationProvider [http-nio-8080-exec-2] Authenticated user
[32m2025-04-20 00:08:35.058[0;39m [DEBUG] org.hibernate.SQL [http-nio-8080-exec-2] 
    select
        s1_0.teacher_id,
        s1_0.birth_day,
        s1_0.email,
        s1_0.first_name,
        s1_0.gender,
        s1_0.last_name,
        s1_0.password,
        s1_0.roles 
    from
        student s1_0 
    where
        s1_0.email=?
[32m2025-04-20 00:08:43.984[0;39m [DEBUG] org.springframework.security.web.FilterChainProxy [http-nio-8080-exec-3] Securing GET /api/v1/users/thisStudent
[32m2025-04-20 00:08:43.997[0;39m [DEBUG] org.hibernate.SQL [http-nio-8080-exec-3] 
    select
        s1_0.teacher_id,
        s1_0.birth_day,
        s1_0.email,
        s1_0.first_name,
        s1_0.gender,
        s1_0.last_name,
        s1_0.password,
        s1_0.roles 
    from
        student s1_0 
    where
        s1_0.email=?
[32m2025-04-20 00:08:44.004[0;39m [DEBUG] org.springframework.security.web.access.AccessDeniedHandlerImpl [http-nio-8080-exec-3] Responding with 403 status code
[32m2025-04-20 00:08:44.008[0;39m [DEBUG] org.springframework.security.web.FilterChainProxy [http-nio-8080-exec-3] Securing GET /error
[32m2025-04-20 00:08:44.009[0;39m [DEBUG] org.springframework.security.web.authentication.AnonymousAuthenticationFilter [http-nio-8080-exec-3] Set SecurityContextHolder to anonymous SecurityContext
[32m2025-04-20 00:08:44.012[0;39m [DEBUG] org.springframework.security.web.authentication.DelegatingAuthenticationEntryPoint [http-nio-8080-exec-3] Trying to match using Or [RequestHeaderRequestMatcher [expectedHeaderName=X-Requested-With, expectedHeaderValue=XMLHttpRequest], And [Not [MediaTypeRequestMatcher [contentNegotiationStrategy=org.springframework.web.accept.ContentNegotiationManager@1e0c898c, matchingMediaTypes=[text/html], useEquals=false, ignoredMediaTypes=[]]], MediaTypeRequestMatcher [contentNegotiationStrategy=org.springframework.web.accept.ContentNegotiationManager@1e0c898c, matchingMediaTypes=[application/atom+xml, application/x-www-form-urlencoded, application/json, application/octet-stream, application/xml, multipart/form-data, text/xml], useEquals=false, ignoredMediaTypes=[*/*]]], MediaTypeRequestMatcher [contentNegotiationStrategy=org.springframework.web.accept.ContentNegotiationManager@1e0c898c, matchingMediaTypes=[*/*], useEquals=true, ignoredMediaTypes=[]]]
[32m2025-04-20 00:08:44.012[0;39m [DEBUG] org.springframework.security.web.authentication.DelegatingAuthenticationEntryPoint [http-nio-8080-exec-3] Match found! Executing org.springframework.security.web.authentication.DelegatingAuthenticationEntryPoint@49dacc93
[32m2025-04-20 00:08:44.012[0;39m [DEBUG] org.springframework.security.web.authentication.DelegatingAuthenticationEntryPoint [http-nio-8080-exec-3] Trying to match using RequestHeaderRequestMatcher [expectedHeaderName=X-Requested-With, expectedHeaderValue=XMLHttpRequest]
[32m2025-04-20 00:08:44.012[0;39m [DEBUG] org.springframework.security.web.authentication.DelegatingAuthenticationEntryPoint [http-nio-8080-exec-3] No match found. Using default entry point org.springframework.security.web.authentication.www.BasicAuthenticationEntryPoint@460fffe6
[32m2025-04-20 00:08:56.858[0;39m [INFO] org.springframework.boot.web.embedded.tomcat.GracefulShutdown [SpringApplicationShutdownHook] Commencing graceful shutdown. Waiting for active requests to complete
[32m2025-04-20 00:08:57.899[0;39m [INFO] org.springframework.boot.web.embedded.tomcat.GracefulShutdown [tomcat-shutdown] Graceful shutdown complete
[32m2025-04-20 00:08:57.904[0;39m [INFO] org.springframework.orm.jpa.LocalContainerEntityManagerFactoryBean [SpringApplicationShutdownHook] Closing JPA EntityManagerFactory for persistence unit 'default'
[32m2025-04-20 00:08:57.905[0;39m [DEBUG] org.hibernate.SQL [SpringApplicationShutdownHook] 
    drop table if exists student
[32m2025-04-20 00:08:57.911[0;39m [INFO] com.zaxxer.hikari.HikariDataSource [SpringApplicationShutdownHook] HikariPool-1 - Shutdown initiated...
[32m2025-04-20 00:08:57.920[0;39m [INFO] com.zaxxer.hikari.HikariDataSource [SpringApplicationShutdownHook] HikariPool-1 - Shutdown completed.
[32m2025-04-20 00:08:59.648[0;39m [INFO] com.school20.school2.School2Application [main] Starting School2Application using Java 23.0.1 with PID 80080 (/Users/admin.ian.swerts/Desktop/projects/school2/target/classes started by admin.ian.swerts in /Users/admin.ian.swerts/Desktop/projects/school2)
[32m2025-04-20 00:08:59.650[0;39m [INFO] com.school20.school2.School2Application [main] No active profile set, falling back to 1 default profile: "default"
[32m2025-04-20 00:09:00.558[0;39m [INFO] org.springframework.data.repository.config.RepositoryConfigurationDelegate [main] Multiple Spring Data modules found, entering strict repository configuration mode
[32m2025-04-20 00:09:00.560[0;39m [INFO] org.springframework.data.repository.config.RepositoryConfigurationDelegate [main] Bootstrapping Spring Data JDBC repositories in DEFAULT mode.
[32m2025-04-20 00:09:00.602[0;39m [INFO] org.springframework.data.repository.config.RepositoryConfigurationExtensionSupport [main] Spring Data JDBC - Could not safely identify store assignment for repository candidate interface com.school20.school2.Repositories.StudentRepository; If you want this repository to be a JDBC repository, consider annotating your entities with one of these annotations: org.springframework.data.relational.core.mapping.Table.
[32m2025-04-20 00:09:00.603[0;39m [INFO] org.springframework.data.repository.config.RepositoryConfigurationDelegate [main] Finished Spring Data repository scanning in 37 ms. Found 0 JDBC repository interfaces.
[32m2025-04-20 00:09:00.618[0;39m [INFO] org.springframework.data.repository.config.RepositoryConfigurationDelegate [main] Multiple Spring Data modules found, entering strict repository configuration mode
[32m2025-04-20 00:09:00.619[0;39m [INFO] org.springframework.data.repository.config.RepositoryConfigurationDelegate [main] Bootstrapping Spring Data JPA repositories in DEFAULT mode.
[32m2025-04-20 00:09:00.652[0;39m [INFO] org.springframework.data.repository.config.RepositoryConfigurationDelegate [main] Finished Spring Data repository scanning in 27 ms. Found 1 JPA repository interface.
[32m2025-04-20 00:09:01.221[0;39m [INFO] org.springframework.boot.web.embedded.tomcat.TomcatWebServer [main] Tomcat initialized with port 8080 (http)
[32m2025-04-20 00:09:01.236[0;39m [INFO] org.apache.catalina.core.StandardService [main] Starting service [Tomcat]
[32m2025-04-20 00:09:01.236[0;39m [INFO] org.apache.catalina.core.StandardEngine [main] Starting Servlet engine: [Apache Tomcat/10.1.36]
[32m2025-04-20 00:09:01.292[0;39m [INFO] org.apache.catalina.core.ContainerBase.[Tomcat].[localhost].[/] [main] Initializing Spring embedded WebApplicationContext
[32m2025-04-20 00:09:01.292[0;39m [INFO] org.springframework.boot.web.servlet.context.ServletWebServerApplicationContext [main] Root WebApplicationContext: initialization completed in 1586 ms
[32m2025-04-20 00:09:01.449[0;39m [WARN] org.springframework.boot.autoconfigure.orm.jpa.JpaBaseConfiguration$JpaWebConfiguration [main] spring.jpa.open-in-view is enabled by default. Therefore, database queries may be performed during view rendering. Explicitly configure spring.jpa.open-in-view to disable this warning
[32m2025-04-20 00:09:01.551[0;39m [INFO] org.hibernate.jpa.internal.util.LogHelper [main] HHH000204: Processing PersistenceUnitInfo [name: default]
[32m2025-04-20 00:09:01.602[0;39m [INFO] org.hibernate.Version [main] HHH000412: Hibernate ORM core version 6.6.8.Final
[32m2025-04-20 00:09:01.639[0;39m [INFO] org.hibernate.cache.internal.RegionFactoryInitiator [main] HHH000026: Second-level cache disabled
[32m2025-04-20 00:09:01.917[0;39m [INFO] org.springframework.orm.jpa.persistenceunit.SpringPersistenceUnitInfo [main] No LoadTimeWeaver setup: ignoring JPA class transformer
[32m2025-04-20 00:09:01.946[0;39m [INFO] com.zaxxer.hikari.HikariDataSource [main] HikariPool-1 - Starting...
[32m2025-04-20 00:09:02.093[0;39m [INFO] com.zaxxer.hikari.pool.HikariPool [main] HikariPool-1 - Added connection com.mysql.cj.jdbc.ConnectionImpl@40c28b0d
[32m2025-04-20 00:09:02.094[0;39m [INFO] com.zaxxer.hikari.HikariDataSource [main] HikariPool-1 - Start completed.
[32m2025-04-20 00:09:02.139[0;39m [WARN] org.hibernate.orm.deprecation [main] HHH90000025: MySQLDialect does not need to be specified explicitly using 'hibernate.dialect' (remove the property setting and it will be selected by default)
[32m2025-04-20 00:09:02.164[0;39m [INFO] org.hibernate.orm.connections.pooling [main] HHH10001005: Database info:
	Database JDBC URL [Connecting through datasource 'HikariDataSource (HikariPool-1)']
	Database driver: undefined/unknown
	Database version: 9.2
	Autocommit mode: undefined/unknown
	Isolation level: undefined/unknown
	Minimum pool size: undefined/unknown
	Maximum pool size: undefined/unknown
[32m2025-04-20 00:09:07.157[0;39m [INFO] com.school20.school2.School2Application [main] Starting School2Application using Java 23.0.1 with PID 80096 (/Users/admin.ian.swerts/Desktop/projects/school2/target/classes started by admin.ian.swerts in /Users/admin.ian.swerts/Desktop/projects/school2)
[32m2025-04-20 00:09:07.159[0;39m [INFO] com.school20.school2.School2Application [main] No active profile set, falling back to 1 default profile: "default"
[32m2025-04-20 00:09:07.992[0;39m [INFO] org.springframework.data.repository.config.RepositoryConfigurationDelegate [main] Multiple Spring Data modules found, entering strict repository configuration mode
[32m2025-04-20 00:09:07.993[0;39m [INFO] org.springframework.data.repository.config.RepositoryConfigurationDelegate [main] Bootstrapping Spring Data JDBC repositories in DEFAULT mode.
[32m2025-04-20 00:09:08.032[0;39m [INFO] org.springframework.data.repository.config.RepositoryConfigurationExtensionSupport [main] Spring Data JDBC - Could not safely identify store assignment for repository candidate interface com.school20.school2.Repositories.StudentRepository; If you want this repository to be a JDBC repository, consider annotating your entities with one of these annotations: org.springframework.data.relational.core.mapping.Table.
[32m2025-04-20 00:09:08.033[0;39m [INFO] org.springframework.data.repository.config.RepositoryConfigurationDelegate [main] Finished Spring Data repository scanning in 34 ms. Found 0 JDBC repository interfaces.
[32m2025-04-20 00:09:08.048[0;39m [INFO] org.springframework.data.repository.config.RepositoryConfigurationDelegate [main] Multiple Spring Data modules found, entering strict repository configuration mode
[32m2025-04-20 00:09:08.048[0;39m [INFO] org.springframework.data.repository.config.RepositoryConfigurationDelegate [main] Bootstrapping Spring Data JPA repositories in DEFAULT mode.
[32m2025-04-20 00:09:08.083[0;39m [INFO] org.springframework.data.repository.config.RepositoryConfigurationDelegate [main] Finished Spring Data repository scanning in 30 ms. Found 1 JPA repository interface.
[32m2025-04-20 00:09:08.702[0;39m [INFO] org.springframework.boot.web.embedded.tomcat.TomcatWebServer [main] Tomcat initialized with port 8080 (http)
[32m2025-04-20 00:09:08.717[0;39m [INFO] org.apache.catalina.core.StandardService [main] Starting service [Tomcat]
[32m2025-04-20 00:09:08.717[0;39m [INFO] org.apache.catalina.core.StandardEngine [main] Starting Servlet engine: [Apache Tomcat/10.1.36]
[32m2025-04-20 00:09:08.777[0;39m [INFO] org.apache.catalina.core.ContainerBase.[Tomcat].[localhost].[/] [main] Initializing Spring embedded WebApplicationContext
[32m2025-04-20 00:09:08.777[0;39m [INFO] org.springframework.boot.web.servlet.context.ServletWebServerApplicationContext [main] Root WebApplicationContext: initialization completed in 1563 ms
[32m2025-04-20 00:09:08.935[0;39m [WARN] org.springframework.boot.autoconfigure.orm.jpa.JpaBaseConfiguration$JpaWebConfiguration [main] spring.jpa.open-in-view is enabled by default. Therefore, database queries may be performed during view rendering. Explicitly configure spring.jpa.open-in-view to disable this warning
[32m2025-04-20 00:09:09.047[0;39m [INFO] org.hibernate.jpa.internal.util.LogHelper [main] HHH000204: Processing PersistenceUnitInfo [name: default]
[32m2025-04-20 00:09:09.098[0;39m [INFO] org.hibernate.Version [main] HHH000412: Hibernate ORM core version 6.6.8.Final
[32m2025-04-20 00:09:09.136[0;39m [INFO] org.hibernate.cache.internal.RegionFactoryInitiator [main] HHH000026: Second-level cache disabled
[32m2025-04-20 00:09:09.399[0;39m [INFO] org.springframework.orm.jpa.persistenceunit.SpringPersistenceUnitInfo [main] No LoadTimeWeaver setup: ignoring JPA class transformer
[32m2025-04-20 00:09:09.425[0;39m [INFO] com.zaxxer.hikari.HikariDataSource [main] HikariPool-1 - Starting...
[32m2025-04-20 00:09:09.582[0;39m [INFO] com.zaxxer.hikari.pool.HikariPool [main] HikariPool-1 - Added connection com.mysql.cj.jdbc.ConnectionImpl@40c28b0d
[32m2025-04-20 00:09:09.584[0;39m [INFO] com.zaxxer.hikari.HikariDataSource [main] HikariPool-1 - Start completed.
[32m2025-04-20 00:09:09.632[0;39m [WARN] org.hibernate.orm.deprecation [main] HHH90000025: MySQLDialect does not need to be specified explicitly using 'hibernate.dialect' (remove the property setting and it will be selected by default)
[32m2025-04-20 00:09:09.653[0;39m [INFO] org.hibernate.orm.connections.pooling [main] HHH10001005: Database info:
	Database JDBC URL [Connecting through datasource 'HikariDataSource (HikariPool-1)']
	Database driver: undefined/unknown
	Database version: 9.2
	Autocommit mode: undefined/unknown
	Isolation level: undefined/unknown
	Minimum pool size: undefined/unknown
	Maximum pool size: undefined/unknown
[32m2025-04-20 00:09:10.404[0;39m [INFO] org.hibernate.engine.transaction.jta.platform.internal.JtaPlatformInitiator [main] HHH000489: No JTA platform available (set 'hibernate.transaction.jta.platform' to enable JTA platform integration)
[32m2025-04-20 00:09:10.414[0;39m [DEBUG] org.hibernate.SQL [main] 
    drop table if exists student
[32m2025-04-20 00:09:10.698[0;39m [DEBUG] org.hibernate.SQL [main] 
    create table student (
        teacher_id bigint not null auto_increment,
        first_name varchar(50) not null,
        last_name varchar(50) not null,
        birth_day varchar(255) not null,
        email varchar(255) not null,
        gender varchar(255) not null,
        password varchar(255) not null,
        roles enum ('ADMIN','USER'),
        primary key (teacher_id)
    ) engine=InnoDB
[32m2025-04-20 00:09:10.706[0;39m [DEBUG] org.hibernate.SQL [main] 
    alter table student 
       add constraint UKfe0i52si7ybu0wjedj6motiim unique (email)
[32m2025-04-20 00:09:10.717[0;39m [INFO] org.springframework.orm.jpa.LocalContainerEntityManagerFactoryBean [main] Initialized JPA EntityManagerFactory for persistence unit 'default'
[32m2025-04-20 00:09:11.247[0;39m [INFO] org.springframework.security.config.annotation.authentication.configuration.InitializeAuthenticationProviderBeanManagerConfigurer$InitializeAuthenticationProviderManagerConfigurer [main] Global AuthenticationManager configured with AuthenticationProvider bean with name authenticationProvider
[32m2025-04-20 00:09:11.248[0;39m [WARN] org.springframework.security.config.annotation.authentication.configuration.InitializeUserDetailsBeanManagerConfigurer$InitializeUserDetailsManagerConfigurer [main] Global AuthenticationManager configured with an AuthenticationProvider bean. UserDetailsService beans will not be used by Spring Security for automatically configuring username/password login. Consider removing the AuthenticationProvider bean. Alternatively, consider using the UserDetailsService in a manually instantiated DaoAuthenticationProvider. If the current configuration is intentional, to turn off this warning, increase the logging level of 'org.springframework.security.config.annotation.authentication.configuration.InitializeUserDetailsBeanManagerConfigurer' to ERROR
[32m2025-04-20 00:09:11.541[0;39m [DEBUG] org.springframework.security.web.DefaultSecurityFilterChain [main] Will secure any request with filters: DisableEncodeUrlFilter, WebAsyncManagerIntegrationFilter, SecurityContextHolderFilter, HeaderWriterFilter, LogoutFilter, JwtAuthenticationFilter, UsernamePasswordAuthenticationFilter, DefaultResourcesFilter, DefaultLoginPageGeneratingFilter, DefaultLogoutPageGeneratingFilter, BasicAuthenticationFilter, RequestCacheAwareFilter, SecurityContextHolderAwareRequestFilter, AnonymousAuthenticationFilter, SessionManagementFilter, ExceptionTranslationFilter, AuthorizationFilter
[32m2025-04-20 00:09:11.593[0;39m [INFO] org.springframework.validation.beanvalidation.OptionalValidatorFactoryBean [main] Failed to set up a Bean Validation provider: jakarta.validation.NoProviderFoundException: Unable to create a Configuration, because no Jakarta Bean Validation provider could be found. Add a provider like Hibernate Validator (RI) to your classpath.
[32m2025-04-20 00:09:11.902[0;39m [INFO] org.springframework.boot.web.embedded.tomcat.TomcatWebServer [main] Tomcat started on port 8080 (http) with context path '/'
[32m2025-04-20 00:09:11.912[0;39m [INFO] com.school20.school2.School2Application [main] Started School2Application in 5.138 seconds (process running for 5.584)
[32m2025-04-20 00:09:18.901[0;39m [INFO] org.apache.catalina.core.ContainerBase.[Tomcat].[localhost].[/] [http-nio-8080-exec-1] Initializing Spring DispatcherServlet 'dispatcherServlet'
[32m2025-04-20 00:09:18.902[0;39m [INFO] org.springframework.web.servlet.DispatcherServlet [http-nio-8080-exec-1] Initializing Servlet 'dispatcherServlet'
[32m2025-04-20 00:09:18.903[0;39m [INFO] org.springframework.web.servlet.DispatcherServlet [http-nio-8080-exec-1] Completed initialization in 1 ms
[32m2025-04-20 00:09:18.917[0;39m [DEBUG] org.springframework.security.web.FilterChainProxy [http-nio-8080-exec-1] Securing POST /api/v1/authentication/register
[32m2025-04-20 00:09:18.923[0;39m [DEBUG] org.springframework.security.web.authentication.AnonymousAuthenticationFilter [http-nio-8080-exec-1] Set SecurityContextHolder to anonymous SecurityContext
[32m2025-04-20 00:09:18.923[0;39m [DEBUG] org.springframework.security.web.session.SessionManagementFilter [http-nio-8080-exec-1] Request requested invalid session id 688F26CB9B6637551E39458BBB5A2BE3
[32m2025-04-20 00:09:18.924[0;39m [DEBUG] org.springframework.security.web.FilterChainProxy [http-nio-8080-exec-1] Secured POST /api/v1/authentication/register
[32m2025-04-20 00:09:19.079[0;39m [DEBUG] org.hibernate.SQL [http-nio-8080-exec-1] 
    select
        s1_0.teacher_id 
    from
        student s1_0 
    where
        s1_0.email=? 
    limit
        ?
[32m2025-04-20 00:09:19.219[0;39m [DEBUG] org.hibernate.SQL [http-nio-8080-exec-1] 
    insert 
    into
        student
        (birth_day, email, first_name, gender, last_name, password, roles) 
    values
        (?, ?, ?, ?, ?, ?, ?)
[32m2025-04-20 00:09:23.085[0;39m [DEBUG] org.springframework.security.web.FilterChainProxy [http-nio-8080-exec-2] Securing POST /api/v1/authentication/login
[32m2025-04-20 00:09:23.199[0;39m [DEBUG] org.hibernate.SQL [http-nio-8080-exec-2] 
    select
        s1_0.teacher_id,
        s1_0.birth_day,
        s1_0.email,
        s1_0.first_name,
        s1_0.gender,
        s1_0.last_name,
        s1_0.password,
        s1_0.roles 
    from
        student s1_0 
    where
        s1_0.email=?
[32m2025-04-20 00:09:23.275[0;39m [DEBUG] org.springframework.security.authentication.dao.DaoAuthenticationProvider [http-nio-8080-exec-2] Authenticated user
[32m2025-04-20 00:09:23.276[0;39m [DEBUG] org.springframework.security.web.authentication.www.BasicAuthenticationFilter [http-nio-8080-exec-2] Set SecurityContextHolder to UsernamePasswordAuthenticationToken [Principal=com.school20.school2.Entitys.Student@7592cb47, Credentials=[PROTECTED], Authenticated=true, Details=WebAuthenticationDetails [RemoteIpAddress=127.0.0.1, SessionId=null], Granted Authorities=[ROLE_ADMIN]]
[32m2025-04-20 00:09:23.276[0;39m [DEBUG] org.springframework.security.web.FilterChainProxy [http-nio-8080-exec-2] Secured POST /api/v1/authentication/login
[32m2025-04-20 00:09:23.279[0;39m [DEBUG] org.hibernate.SQL [http-nio-8080-exec-2] 
    select
        s1_0.teacher_id,
        s1_0.birth_day,
        s1_0.email,
        s1_0.first_name,
        s1_0.gender,
        s1_0.last_name,
        s1_0.password,
        s1_0.roles 
    from
        student s1_0 
    where
        s1_0.email=?
[32m2025-04-20 00:09:23.364[0;39m [DEBUG] org.springframework.security.authentication.dao.DaoAuthenticationProvider [http-nio-8080-exec-2] Authenticated user
[32m2025-04-20 00:09:23.365[0;39m [DEBUG] org.hibernate.SQL [http-nio-8080-exec-2] 
    select
        s1_0.teacher_id,
        s1_0.birth_day,
        s1_0.email,
        s1_0.first_name,
        s1_0.gender,
        s1_0.last_name,
        s1_0.password,
        s1_0.roles 
    from
        student s1_0 
    where
        s1_0.email=?
[32m2025-04-20 00:09:31.382[0;39m [DEBUG] org.springframework.security.web.FilterChainProxy [http-nio-8080-exec-3] Securing GET /api/v1/users/thisStudent
[32m2025-04-20 00:09:31.398[0;39m [DEBUG] org.hibernate.SQL [http-nio-8080-exec-3] 
    select
        s1_0.teacher_id,
        s1_0.birth_day,
        s1_0.email,
        s1_0.first_name,
        s1_0.gender,
        s1_0.last_name,
        s1_0.password,
        s1_0.roles 
    from
        student s1_0 
    where
        s1_0.email=?
[32m2025-04-20 00:09:31.405[0;39m [DEBUG] org.springframework.security.web.FilterChainProxy [http-nio-8080-exec-3] Secured GET /api/v1/users/thisStudent
